2020-10-14 14:34:39.869  INFO 14980 --- [restartedMain] org.maia.livro.ApiLivrosApplication      : Starting ApiLivrosApplication on DESKTOP-IVRFO2K with PID 14980 (D:\Desenvolvimento\workspace_java\api-livros-tdd\target\classes started by dowgl in D:\Desenvolvimento\workspace_java\api-livros-tdd)
2020-10-14 14:34:39.872  INFO 14980 --- [restartedMain] org.maia.livro.ApiLivrosApplication      : No active profile set, falling back to default profiles: default
2020-10-14 14:34:39.913  INFO 14980 --- [restartedMain] o.s.b.devtools.restart.ChangeableUrls    : The Class-Path manifest attribute in C:\Users\dowgl\.m2\repository\org\glassfish\jaxb\jaxb-runtime\2.3.2\jaxb-runtime-2.3.2.jar referenced one or more files that do not exist: file:/C:/Users/dowgl/.m2/repository/org/glassfish/jaxb/jaxb-runtime/2.3.2/jakarta.xml.bind-api-2.3.2.jar,file:/C:/Users/dowgl/.m2/repository/org/glassfish/jaxb/jaxb-runtime/2.3.2/txw2-2.3.2.jar,file:/C:/Users/dowgl/.m2/repository/org/glassfish/jaxb/jaxb-runtime/2.3.2/istack-commons-runtime-3.0.8.jar,file:/C:/Users/dowgl/.m2/repository/org/glassfish/jaxb/jaxb-runtime/2.3.2/stax-ex-1.8.1.jar,file:/C:/Users/dowgl/.m2/repository/org/glassfish/jaxb/jaxb-runtime/2.3.2/FastInfoset-1.2.16.jar,file:/C:/Users/dowgl/.m2/repository/org/glassfish/jaxb/jaxb-runtime/2.3.2/jakarta.activation-api-1.2.1.jar
2020-10-14 14:34:39.914  INFO 14980 --- [restartedMain] .e.DevToolsPropertyDefaultsPostProcessor : Devtools property defaults active! Set 'spring.devtools.add-properties' to 'false' to disable
2020-10-14 14:34:39.914  INFO 14980 --- [restartedMain] .e.DevToolsPropertyDefaultsPostProcessor : For additional web related logging consider setting the 'logging.level.web' property to 'DEBUG'
2020-10-14 14:34:40.862  INFO 14980 --- [restartedMain] .s.d.r.c.RepositoryConfigurationDelegate : Bootstrapping Spring Data JPA repositories in DEFAULT mode.
2020-10-14 14:34:40.925  INFO 14980 --- [restartedMain] .s.d.r.c.RepositoryConfigurationDelegate : Finished Spring Data repository scanning in 56ms. Found 2 JPA repository interfaces.
2020-10-14 14:34:41.441  INFO 14980 --- [restartedMain] o.s.b.w.embedded.tomcat.TomcatWebServer  : Tomcat initialized with port(s): 8080 (http)
2020-10-14 14:34:41.448  INFO 14980 --- [restartedMain] o.apache.catalina.core.StandardService   : Starting service [Tomcat]
2020-10-14 14:34:41.448  INFO 14980 --- [restartedMain] org.apache.catalina.core.StandardEngine  : Starting Servlet engine: [Apache Tomcat/9.0.33]
2020-10-14 14:34:41.530  INFO 14980 --- [restartedMain] o.a.c.c.C.[Tomcat].[localhost].[/]       : Initializing Spring embedded WebApplicationContext
2020-10-14 14:34:41.530  INFO 14980 --- [restartedMain] o.s.web.context.ContextLoader            : Root WebApplicationContext: initialization completed in 1616 ms
2020-10-14 14:34:41.652  INFO 14980 --- [restartedMain] com.zaxxer.hikari.HikariDataSource       : HikariPool-1 - Starting...
2020-10-14 14:34:41.740  INFO 14980 --- [restartedMain] com.zaxxer.hikari.HikariDataSource       : HikariPool-1 - Start completed.
2020-10-14 14:34:41.745  INFO 14980 --- [restartedMain] o.s.b.a.h2.H2ConsoleAutoConfiguration    : H2 console available at '/h2-console'. Database available at 'jdbc:h2:mem:testdb'
2020-10-14 14:34:42.057  INFO 14980 --- [restartedMain] o.hibernate.jpa.internal.util.LogHelper  : HHH000204: Processing PersistenceUnitInfo [name: default]
2020-10-14 14:34:42.103  INFO 14980 --- [restartedMain] org.hibernate.Version                    : HHH000412: Hibernate ORM core version 5.4.12.Final
2020-10-14 14:34:42.199  INFO 14980 --- [restartedMain] o.hibernate.annotations.common.Version   : HCANN000001: Hibernate Commons Annotations {5.1.0.Final}
2020-10-14 14:34:42.288  INFO 14980 --- [restartedMain] org.hibernate.dialect.Dialect            : HHH000400: Using dialect: org.hibernate.dialect.H2Dialect
2020-10-14 14:34:42.806  INFO 14980 --- [restartedMain] o.h.e.t.j.p.i.JtaPlatformInitiator       : HHH000490: Using JtaPlatform implementation: [org.hibernate.engine.transaction.jta.platform.internal.NoJtaPlatform]
2020-10-14 14:34:42.811  INFO 14980 --- [restartedMain] j.LocalContainerEntityManagerFactoryBean : Initialized JPA EntityManagerFactory for persistence unit 'default'
2020-10-14 14:34:42.839  INFO 14980 --- [restartedMain] o.s.b.d.a.OptionalLiveReloadServer       : LiveReload server is running on port 35729
2020-10-14 14:34:43.315  WARN 14980 --- [restartedMain] JpaBaseConfiguration$JpaWebConfiguration : spring.jpa.open-in-view is enabled by default. Therefore, database queries may be performed during view rendering. Explicitly configure spring.jpa.open-in-view to disable this warning
2020-10-14 14:34:43.725  INFO 14980 --- [restartedMain] o.s.s.concurrent.ThreadPoolTaskExecutor  : Initializing ExecutorService 'applicationTaskExecutor'
2020-10-14 14:34:44.028  INFO 14980 --- [restartedMain] o.s.s.c.ThreadPoolTaskScheduler          : Initializing ExecutorService 'taskScheduler'
2020-10-14 14:34:44.050  INFO 14980 --- [restartedMain] o.s.b.a.e.web.EndpointLinksResolver      : Exposing 14 endpoint(s) beneath base path '/actuator'
2020-10-14 14:34:44.121  INFO 14980 --- [restartedMain] o.s.b.w.embedded.tomcat.TomcatWebServer  : Tomcat started on port(s): 8080 (http) with context path ''
2020-10-14 14:34:44.123  INFO 14980 --- [restartedMain] org.maia.livro.ApiLivrosApplication      : Started ApiLivrosApplication in 4.564 seconds (JVM running for 5.587)
2020-10-14 14:34:58.623  INFO 14980 --- [http-nio-8080-exec-1] o.a.c.c.C.[Tomcat].[localhost].[/]       : Initializing Spring DispatcherServlet 'dispatcherServlet'
2020-10-14 14:34:58.623  INFO 14980 --- [http-nio-8080-exec-1] o.s.web.servlet.DispatcherServlet        : Initializing Servlet 'dispatcherServlet'
2020-10-14 14:34:58.630  INFO 14980 --- [http-nio-8080-exec-1] o.s.web.servlet.DispatcherServlet        : Completed initialization in 7 ms
2020-10-14 14:36:59.668  INFO 14980 --- [RMI TCP Connection(13)-127.0.0.1] inMXBeanRegistrar$SpringApplicationAdmin : Application shutdown requested.
2020-10-14 14:36:59.672  INFO 14980 --- [RMI TCP Connection(13)-127.0.0.1] o.s.s.c.ThreadPoolTaskScheduler          : Shutting down ExecutorService 'taskScheduler'
2020-10-14 14:36:59.675  INFO 14980 --- [RMI TCP Connection(13)-127.0.0.1] o.s.s.concurrent.ThreadPoolTaskExecutor  : Shutting down ExecutorService 'applicationTaskExecutor'
2020-10-14 14:36:59.677  INFO 14980 --- [RMI TCP Connection(13)-127.0.0.1] j.LocalContainerEntityManagerFactoryBean : Closing JPA EntityManagerFactory for persistence unit 'default'
2020-10-14 14:36:59.678  INFO 14980 --- [RMI TCP Connection(13)-127.0.0.1] .SchemaDropperImpl$DelayedDropActionImpl : HHH000477: Starting delayed evictData of schema as part of SessionFactory shut-down'
2020-10-14 14:36:59.681 ERROR 14980 --- [RMI TCP Connection(13)-127.0.0.1] .SchemaDropperImpl$DelayedDropActionImpl : HHH000478: Unsuccessful: drop table book if exists
2020-10-14 14:36:59.902  WARN 14980 --- [RMI TCP Connection(13)-127.0.0.1] o.s.b.f.support.DisposableBeanAdapter    : Invocation of destroy method failed on bean with name 'inMemoryDatabaseShutdownExecutor': org.h2.jdbc.JdbcSQLNonTransientConnectionException: Database is already closed (to disable automatic closing at VM shutdown, add ";DB_CLOSE_ON_EXIT=FALSE" to the db URL) [90121-200]
2020-10-14 14:36:59.903  INFO 14980 --- [RMI TCP Connection(13)-127.0.0.1] com.zaxxer.hikari.HikariDataSource       : HikariPool-1 - Shutdown initiated...
2020-10-14 14:36:59.905  INFO 14980 --- [RMI TCP Connection(13)-127.0.0.1] com.zaxxer.hikari.HikariDataSource       : HikariPool-1 - Shutdown completed.
2020-10-14 14:44:22.727  INFO 2280 --- [restartedMain] org.maia.livro.ApiLivrosApplication      : Starting ApiLivrosApplication on DESKTOP-IVRFO2K with PID 2280 (D:\Desenvolvimento\workspace_java\api-livros-tdd\target\classes started by dowgl in D:\Desenvolvimento\workspace_java\api-livros-tdd)
2020-10-14 14:44:22.729  INFO 2280 --- [restartedMain] org.maia.livro.ApiLivrosApplication      : No active profile set, falling back to default profiles: default
2020-10-14 14:44:22.769  INFO 2280 --- [restartedMain] o.s.b.devtools.restart.ChangeableUrls    : The Class-Path manifest attribute in C:\Users\dowgl\.m2\repository\org\glassfish\jaxb\jaxb-runtime\2.3.2\jaxb-runtime-2.3.2.jar referenced one or more files that do not exist: file:/C:/Users/dowgl/.m2/repository/org/glassfish/jaxb/jaxb-runtime/2.3.2/jakarta.xml.bind-api-2.3.2.jar,file:/C:/Users/dowgl/.m2/repository/org/glassfish/jaxb/jaxb-runtime/2.3.2/txw2-2.3.2.jar,file:/C:/Users/dowgl/.m2/repository/org/glassfish/jaxb/jaxb-runtime/2.3.2/istack-commons-runtime-3.0.8.jar,file:/C:/Users/dowgl/.m2/repository/org/glassfish/jaxb/jaxb-runtime/2.3.2/stax-ex-1.8.1.jar,file:/C:/Users/dowgl/.m2/repository/org/glassfish/jaxb/jaxb-runtime/2.3.2/FastInfoset-1.2.16.jar,file:/C:/Users/dowgl/.m2/repository/org/glassfish/jaxb/jaxb-runtime/2.3.2/jakarta.activation-api-1.2.1.jar
2020-10-14 14:44:22.769  INFO 2280 --- [restartedMain] .e.DevToolsPropertyDefaultsPostProcessor : Devtools property defaults active! Set 'spring.devtools.add-properties' to 'false' to disable
2020-10-14 14:44:22.769  INFO 2280 --- [restartedMain] .e.DevToolsPropertyDefaultsPostProcessor : For additional web related logging consider setting the 'logging.level.web' property to 'DEBUG'
2020-10-14 14:44:23.606  INFO 2280 --- [restartedMain] .s.d.r.c.RepositoryConfigurationDelegate : Bootstrapping Spring Data JPA repositories in DEFAULT mode.
2020-10-14 14:44:23.661  INFO 2280 --- [restartedMain] .s.d.r.c.RepositoryConfigurationDelegate : Finished Spring Data repository scanning in 47ms. Found 2 JPA repository interfaces.
2020-10-14 14:44:24.155  INFO 2280 --- [restartedMain] o.s.b.w.embedded.tomcat.TomcatWebServer  : Tomcat initialized with port(s): 8080 (http)
2020-10-14 14:44:24.165  INFO 2280 --- [restartedMain] o.apache.catalina.core.StandardService   : Starting service [Tomcat]
2020-10-14 14:44:24.165  INFO 2280 --- [restartedMain] org.apache.catalina.core.StandardEngine  : Starting Servlet engine: [Apache Tomcat/9.0.33]
2020-10-14 14:44:24.237  INFO 2280 --- [restartedMain] o.a.c.c.C.[Tomcat].[localhost].[/]       : Initializing Spring embedded WebApplicationContext
2020-10-14 14:44:24.237  INFO 2280 --- [restartedMain] o.s.web.context.ContextLoader            : Root WebApplicationContext: initialization completed in 1468 ms
2020-10-14 14:44:24.338  INFO 2280 --- [restartedMain] com.zaxxer.hikari.HikariDataSource       : HikariPool-1 - Starting...
2020-10-14 14:44:24.430  INFO 2280 --- [restartedMain] com.zaxxer.hikari.HikariDataSource       : HikariPool-1 - Start completed.
2020-10-14 14:44:24.435  INFO 2280 --- [restartedMain] o.s.b.a.h2.H2ConsoleAutoConfiguration    : H2 console available at '/h2-console'. Database available at 'jdbc:h2:mem:testdb'
2020-10-14 14:44:24.714  INFO 2280 --- [restartedMain] o.hibernate.jpa.internal.util.LogHelper  : HHH000204: Processing PersistenceUnitInfo [name: default]
2020-10-14 14:44:24.757  INFO 2280 --- [restartedMain] org.hibernate.Version                    : HHH000412: Hibernate ORM core version 5.4.12.Final
2020-10-14 14:44:24.871  INFO 2280 --- [restartedMain] o.hibernate.annotations.common.Version   : HCANN000001: Hibernate Commons Annotations {5.1.0.Final}
2020-10-14 14:44:24.957  INFO 2280 --- [restartedMain] org.hibernate.dialect.Dialect            : HHH000400: Using dialect: org.hibernate.dialect.H2Dialect
2020-10-14 14:44:25.500  INFO 2280 --- [restartedMain] o.h.e.t.j.p.i.JtaPlatformInitiator       : HHH000490: Using JtaPlatform implementation: [org.hibernate.engine.transaction.jta.platform.internal.NoJtaPlatform]
2020-10-14 14:44:25.505  INFO 2280 --- [restartedMain] j.LocalContainerEntityManagerFactoryBean : Initialized JPA EntityManagerFactory for persistence unit 'default'
2020-10-14 14:44:25.535  INFO 2280 --- [restartedMain] o.s.b.d.a.OptionalLiveReloadServer       : LiveReload server is running on port 35729
2020-10-14 14:44:25.993  WARN 2280 --- [restartedMain] JpaBaseConfiguration$JpaWebConfiguration : spring.jpa.open-in-view is enabled by default. Therefore, database queries may be performed during view rendering. Explicitly configure spring.jpa.open-in-view to disable this warning
2020-10-14 14:44:26.094  INFO 2280 --- [restartedMain] o.s.s.concurrent.ThreadPoolTaskExecutor  : Initializing ExecutorService 'applicationTaskExecutor'
2020-10-14 14:44:26.339  INFO 2280 --- [restartedMain] o.s.s.c.ThreadPoolTaskScheduler          : Initializing ExecutorService 'taskScheduler'
2020-10-14 14:44:26.359  INFO 2280 --- [restartedMain] o.s.b.a.e.web.EndpointLinksResolver      : Exposing 14 endpoint(s) beneath base path '/actuator'
2020-10-14 14:44:26.421  INFO 2280 --- [restartedMain] o.s.b.w.embedded.tomcat.TomcatWebServer  : Tomcat started on port(s): 8080 (http) with context path ''
2020-10-14 14:44:26.423  INFO 2280 --- [restartedMain] org.maia.livro.ApiLivrosApplication      : Started ApiLivrosApplication in 3.956 seconds (JVM running for 5.036)
2020-10-14 14:45:14.512  INFO 2280 --- [http-nio-8080-exec-1] o.a.c.c.C.[Tomcat].[localhost].[/]       : Initializing Spring DispatcherServlet 'dispatcherServlet'
2020-10-14 14:45:14.512  INFO 2280 --- [http-nio-8080-exec-1] o.s.web.servlet.DispatcherServlet        : Initializing Servlet 'dispatcherServlet'
2020-10-14 14:45:14.518  INFO 2280 --- [http-nio-8080-exec-1] o.s.web.servlet.DispatcherServlet        : Completed initialization in 6 ms
2020-10-14 14:49:59.404  INFO 2280 --- [Thread-6] o.s.s.c.ThreadPoolTaskScheduler          : Shutting down ExecutorService 'taskScheduler'
2020-10-14 14:49:59.407  INFO 2280 --- [Thread-6] o.s.s.concurrent.ThreadPoolTaskExecutor  : Shutting down ExecutorService 'applicationTaskExecutor'
2020-10-14 14:49:59.408  INFO 2280 --- [Thread-6] j.LocalContainerEntityManagerFactoryBean : Closing JPA EntityManagerFactory for persistence unit 'default'
2020-10-14 14:49:59.409  INFO 2280 --- [Thread-6] .SchemaDropperImpl$DelayedDropActionImpl : HHH000477: Starting delayed evictData of schema as part of SessionFactory shut-down'
2020-10-14 14:49:59.410 ERROR 2280 --- [Thread-6] .SchemaDropperImpl$DelayedDropActionImpl : HHH000478: Unsuccessful: drop table book if exists
2020-10-14 14:49:59.625  WARN 2280 --- [Thread-6] o.s.b.f.support.DisposableBeanAdapter    : Invocation of destroy method failed on bean with name 'inMemoryDatabaseShutdownExecutor': org.h2.jdbc.JdbcSQLNonTransientConnectionException: Database is already closed (to disable automatic closing at VM shutdown, add ";DB_CLOSE_ON_EXIT=FALSE" to the db URL) [90121-200]
2020-10-14 14:49:59.627  INFO 2280 --- [Thread-6] com.zaxxer.hikari.HikariDataSource       : HikariPool-1 - Shutdown initiated...
2020-10-14 14:49:59.630  INFO 2280 --- [Thread-6] com.zaxxer.hikari.HikariDataSource       : HikariPool-1 - Shutdown completed.
2020-10-14 14:50:00.178  INFO 2280 --- [restartedMain] org.maia.livro.ApiLivrosApplication      : Starting ApiLivrosApplication on DESKTOP-IVRFO2K with PID 2280 (D:\Desenvolvimento\workspace_java\api-livros-tdd\target\classes started by dowgl in D:\Desenvolvimento\workspace_java\api-livros-tdd)
2020-10-14 14:50:00.178  INFO 2280 --- [restartedMain] org.maia.livro.ApiLivrosApplication      : No active profile set, falling back to default profiles: default
2020-10-14 14:50:00.445  INFO 2280 --- [restartedMain] .s.d.r.c.RepositoryConfigurationDelegate : Bootstrapping Spring Data JPA repositories in DEFAULT mode.
2020-10-14 14:50:00.459  INFO 2280 --- [restartedMain] .s.d.r.c.RepositoryConfigurationDelegate : Finished Spring Data repository scanning in 13ms. Found 2 JPA repository interfaces.
2020-10-14 14:50:00.609  INFO 2280 --- [restartedMain] o.s.b.w.embedded.tomcat.TomcatWebServer  : Tomcat initialized with port(s): 8080 (http)
2020-10-14 14:50:00.609  INFO 2280 --- [restartedMain] o.apache.catalina.core.StandardService   : Starting service [Tomcat]
2020-10-14 14:50:00.609  INFO 2280 --- [restartedMain] org.apache.catalina.core.StandardEngine  : Starting Servlet engine: [Apache Tomcat/9.0.33]
2020-10-14 14:50:00.629  INFO 2280 --- [restartedMain] o.a.c.c.C.[Tomcat].[localhost].[/]       : Initializing Spring embedded WebApplicationContext
2020-10-14 14:50:00.629  INFO 2280 --- [restartedMain] o.s.web.context.ContextLoader            : Root WebApplicationContext: initialization completed in 449 ms
2020-10-14 14:50:00.658  INFO 2280 --- [restartedMain] com.zaxxer.hikari.HikariDataSource       : HikariPool-2 - Starting...
2020-10-14 14:50:00.660  INFO 2280 --- [restartedMain] com.zaxxer.hikari.HikariDataSource       : HikariPool-2 - Start completed.
2020-10-14 14:50:00.660  INFO 2280 --- [restartedMain] o.s.b.a.h2.H2ConsoleAutoConfiguration    : H2 console available at '/h2-console'. Database available at 'jdbc:h2:mem:testdb'
2020-10-14 14:50:00.737  INFO 2280 --- [restartedMain] o.hibernate.jpa.internal.util.LogHelper  : HHH000204: Processing PersistenceUnitInfo [name: default]
2020-10-14 14:50:00.740  INFO 2280 --- [restartedMain] org.hibernate.dialect.Dialect            : HHH000400: Using dialect: org.hibernate.dialect.H2Dialect
2020-10-14 14:50:00.788  INFO 2280 --- [restartedMain] o.h.e.t.j.p.i.JtaPlatformInitiator       : HHH000490: Using JtaPlatform implementation: [org.hibernate.engine.transaction.jta.platform.internal.NoJtaPlatform]
2020-10-14 14:50:00.789  INFO 2280 --- [restartedMain] j.LocalContainerEntityManagerFactoryBean : Initialized JPA EntityManagerFactory for persistence unit 'default'
2020-10-14 14:50:00.798  INFO 2280 --- [restartedMain] o.s.b.d.a.OptionalLiveReloadServer       : LiveReload server is running on port 35729
2020-10-14 14:50:00.894  WARN 2280 --- [restartedMain] JpaBaseConfiguration$JpaWebConfiguration : spring.jpa.open-in-view is enabled by default. Therefore, database queries may be performed during view rendering. Explicitly configure spring.jpa.open-in-view to disable this warning
2020-10-14 14:50:00.935  INFO 2280 --- [restartedMain] o.s.s.concurrent.ThreadPoolTaskExecutor  : Initializing ExecutorService 'applicationTaskExecutor'
2020-10-14 14:50:01.030  INFO 2280 --- [restartedMain] o.s.s.c.ThreadPoolTaskScheduler          : Initializing ExecutorService 'taskScheduler'
2020-10-14 14:50:01.043  INFO 2280 --- [restartedMain] o.s.b.a.e.web.EndpointLinksResolver      : Exposing 14 endpoint(s) beneath base path '/actuator'
2020-10-14 14:50:01.069  INFO 2280 --- [restartedMain] o.s.b.w.embedded.tomcat.TomcatWebServer  : Tomcat started on port(s): 8080 (http) with context path ''
2020-10-14 14:50:01.069  INFO 2280 --- [restartedMain] org.maia.livro.ApiLivrosApplication      : Started ApiLivrosApplication in 0.914 seconds (JVM running for 339.682)
2020-10-14 14:50:01.072  INFO 2280 --- [restartedMain] .ConditionEvaluationDeltaLoggingListener : Condition evaluation unchanged
2020-10-14 14:50:06.097  INFO 2280 --- [http-nio-8080-exec-1] o.a.c.c.C.[Tomcat].[localhost].[/]       : Initializing Spring DispatcherServlet 'dispatcherServlet'
2020-10-14 14:50:06.098  INFO 2280 --- [http-nio-8080-exec-1] o.s.web.servlet.DispatcherServlet        : Initializing Servlet 'dispatcherServlet'
2020-10-14 14:50:06.101  INFO 2280 --- [http-nio-8080-exec-1] o.s.web.servlet.DispatcherServlet        : Completed initialization in 3 ms
2020-10-14 14:50:06.104  INFO 2280 --- [http-nio-8080-exec-1] o.m.livro.restcontroller.BookController  : Listando Todos os Livros!
2020-10-14 14:51:08.020  INFO 2280 --- [http-nio-8080-exec-4] o.m.livro.restcontroller.BookController  : Listando Todos os Livros!
2020-10-14 14:54:40.612  INFO 2280 --- [Thread-14] o.s.s.c.ThreadPoolTaskScheduler          : Shutting down ExecutorService 'taskScheduler'
2020-10-14 14:54:40.614  INFO 2280 --- [Thread-14] o.s.s.concurrent.ThreadPoolTaskExecutor  : Shutting down ExecutorService 'applicationTaskExecutor'
2020-10-14 14:54:40.615  INFO 2280 --- [Thread-14] j.LocalContainerEntityManagerFactoryBean : Closing JPA EntityManagerFactory for persistence unit 'default'
2020-10-14 14:54:40.615  INFO 2280 --- [Thread-14] .SchemaDropperImpl$DelayedDropActionImpl : HHH000477: Starting delayed evictData of schema as part of SessionFactory shut-down'
2020-10-14 14:54:40.616 ERROR 2280 --- [Thread-14] .SchemaDropperImpl$DelayedDropActionImpl : HHH000478: Unsuccessful: drop table book if exists
2020-10-14 14:54:40.819  WARN 2280 --- [Thread-14] o.s.b.f.support.DisposableBeanAdapter    : Invocation of destroy method failed on bean with name 'inMemoryDatabaseShutdownExecutor': org.h2.jdbc.JdbcSQLNonTransientConnectionException: Database is already closed (to disable automatic closing at VM shutdown, add ";DB_CLOSE_ON_EXIT=FALSE" to the db URL) [90121-200]
2020-10-14 14:54:40.819  INFO 2280 --- [Thread-14] com.zaxxer.hikari.HikariDataSource       : HikariPool-2 - Shutdown initiated...
2020-10-14 14:54:40.822  INFO 2280 --- [Thread-14] com.zaxxer.hikari.HikariDataSource       : HikariPool-2 - Shutdown completed.
2020-10-14 14:54:41.554  INFO 2280 --- [restartedMain] org.maia.livro.ApiLivrosApplication      : Starting ApiLivrosApplication on DESKTOP-IVRFO2K with PID 2280 (D:\Desenvolvimento\workspace_java\api-livros-tdd\target\classes started by dowgl in D:\Desenvolvimento\workspace_java\api-livros-tdd)
2020-10-14 14:54:41.555  INFO 2280 --- [restartedMain] org.maia.livro.ApiLivrosApplication      : No active profile set, falling back to default profiles: default
2020-10-14 14:54:41.845  INFO 2280 --- [restartedMain] .s.d.r.c.RepositoryConfigurationDelegate : Bootstrapping Spring Data JPA repositories in DEFAULT mode.
2020-10-14 14:54:41.861  INFO 2280 --- [restartedMain] .s.d.r.c.RepositoryConfigurationDelegate : Finished Spring Data repository scanning in 15ms. Found 2 JPA repository interfaces.
2020-10-14 14:54:42.016  INFO 2280 --- [restartedMain] o.s.b.w.embedded.tomcat.TomcatWebServer  : Tomcat initialized with port(s): 8080 (http)
2020-10-14 14:54:42.017  INFO 2280 --- [restartedMain] o.apache.catalina.core.StandardService   : Starting service [Tomcat]
2020-10-14 14:54:42.017  INFO 2280 --- [restartedMain] org.apache.catalina.core.StandardEngine  : Starting Servlet engine: [Apache Tomcat/9.0.33]
2020-10-14 14:54:42.033  INFO 2280 --- [restartedMain] o.a.c.c.C.[Tomcat].[localhost].[/]       : Initializing Spring embedded WebApplicationContext
2020-10-14 14:54:42.034  INFO 2280 --- [restartedMain] o.s.web.context.ContextLoader            : Root WebApplicationContext: initialization completed in 476 ms
2020-10-14 14:54:42.066  INFO 2280 --- [restartedMain] com.zaxxer.hikari.HikariDataSource       : HikariPool-3 - Starting...
2020-10-14 14:54:42.068  INFO 2280 --- [restartedMain] com.zaxxer.hikari.HikariDataSource       : HikariPool-3 - Start completed.
2020-10-14 14:54:42.068  INFO 2280 --- [restartedMain] o.s.b.a.h2.H2ConsoleAutoConfiguration    : H2 console available at '/h2-console'. Database available at 'jdbc:h2:mem:testdb'
2020-10-14 14:54:42.148  INFO 2280 --- [restartedMain] o.hibernate.jpa.internal.util.LogHelper  : HHH000204: Processing PersistenceUnitInfo [name: default]
2020-10-14 14:54:42.152  INFO 2280 --- [restartedMain] org.hibernate.dialect.Dialect            : HHH000400: Using dialect: org.hibernate.dialect.H2Dialect
2020-10-14 14:54:42.202  INFO 2280 --- [restartedMain] o.h.e.t.j.p.i.JtaPlatformInitiator       : HHH000490: Using JtaPlatform implementation: [org.hibernate.engine.transaction.jta.platform.internal.NoJtaPlatform]
2020-10-14 14:54:42.202  INFO 2280 --- [restartedMain] j.LocalContainerEntityManagerFactoryBean : Initialized JPA EntityManagerFactory for persistence unit 'default'
2020-10-14 14:54:42.213  INFO 2280 --- [restartedMain] o.s.b.d.a.OptionalLiveReloadServer       : LiveReload server is running on port 35729
2020-10-14 14:54:42.319  WARN 2280 --- [restartedMain] JpaBaseConfiguration$JpaWebConfiguration : spring.jpa.open-in-view is enabled by default. Therefore, database queries may be performed during view rendering. Explicitly configure spring.jpa.open-in-view to disable this warning
2020-10-14 14:54:42.364  INFO 2280 --- [restartedMain] o.s.s.concurrent.ThreadPoolTaskExecutor  : Initializing ExecutorService 'applicationTaskExecutor'
2020-10-14 14:54:42.472  INFO 2280 --- [restartedMain] o.s.s.c.ThreadPoolTaskScheduler          : Initializing ExecutorService 'taskScheduler'
2020-10-14 14:54:42.486  INFO 2280 --- [restartedMain] o.s.b.a.e.web.EndpointLinksResolver      : Exposing 14 endpoint(s) beneath base path '/actuator'
2020-10-14 14:54:42.516  INFO 2280 --- [restartedMain] o.s.b.w.embedded.tomcat.TomcatWebServer  : Tomcat started on port(s): 8080 (http) with context path ''
2020-10-14 14:54:42.517  INFO 2280 --- [restartedMain] org.maia.livro.ApiLivrosApplication      : Started ApiLivrosApplication in 1.104 seconds (JVM running for 621.129)
2020-10-14 14:54:42.520  INFO 2280 --- [restartedMain] .ConditionEvaluationDeltaLoggingListener : Condition evaluation unchanged
2020-10-14 14:54:50.961  INFO 2280 --- [Thread-22] o.s.s.c.ThreadPoolTaskScheduler          : Shutting down ExecutorService 'taskScheduler'
2020-10-14 14:54:50.963  INFO 2280 --- [Thread-22] o.s.s.concurrent.ThreadPoolTaskExecutor  : Shutting down ExecutorService 'applicationTaskExecutor'
2020-10-14 14:54:50.964  INFO 2280 --- [Thread-22] j.LocalContainerEntityManagerFactoryBean : Closing JPA EntityManagerFactory for persistence unit 'default'
2020-10-14 14:54:50.964  INFO 2280 --- [Thread-22] .SchemaDropperImpl$DelayedDropActionImpl : HHH000477: Starting delayed evictData of schema as part of SessionFactory shut-down'
2020-10-14 14:54:50.965 ERROR 2280 --- [Thread-22] .SchemaDropperImpl$DelayedDropActionImpl : HHH000478: Unsuccessful: drop table book if exists
2020-10-14 14:54:51.168  WARN 2280 --- [Thread-22] o.s.b.f.support.DisposableBeanAdapter    : Invocation of destroy method failed on bean with name 'inMemoryDatabaseShutdownExecutor': org.h2.jdbc.JdbcSQLNonTransientConnectionException: Database is already closed (to disable automatic closing at VM shutdown, add ";DB_CLOSE_ON_EXIT=FALSE" to the db URL) [90121-200]
2020-10-14 14:54:51.169  INFO 2280 --- [Thread-22] com.zaxxer.hikari.HikariDataSource       : HikariPool-3 - Shutdown initiated...
2020-10-14 14:54:51.173  INFO 2280 --- [Thread-22] com.zaxxer.hikari.HikariDataSource       : HikariPool-3 - Shutdown completed.
2020-10-14 14:54:51.761  INFO 2280 --- [restartedMain] org.maia.livro.ApiLivrosApplication      : Starting ApiLivrosApplication on DESKTOP-IVRFO2K with PID 2280 (D:\Desenvolvimento\workspace_java\api-livros-tdd\target\classes started by dowgl in D:\Desenvolvimento\workspace_java\api-livros-tdd)
2020-10-14 14:54:51.762  INFO 2280 --- [restartedMain] org.maia.livro.ApiLivrosApplication      : No active profile set, falling back to default profiles: default
2020-10-14 14:54:52.024  INFO 2280 --- [restartedMain] .s.d.r.c.RepositoryConfigurationDelegate : Bootstrapping Spring Data JPA repositories in DEFAULT mode.
2020-10-14 14:54:52.037  INFO 2280 --- [restartedMain] .s.d.r.c.RepositoryConfigurationDelegate : Finished Spring Data repository scanning in 12ms. Found 2 JPA repository interfaces.
2020-10-14 14:54:52.185  INFO 2280 --- [restartedMain] o.s.b.w.embedded.tomcat.TomcatWebServer  : Tomcat initialized with port(s): 8080 (http)
2020-10-14 14:54:52.186  INFO 2280 --- [restartedMain] o.apache.catalina.core.StandardService   : Starting service [Tomcat]
2020-10-14 14:54:52.186  INFO 2280 --- [restartedMain] org.apache.catalina.core.StandardEngine  : Starting Servlet engine: [Apache Tomcat/9.0.33]
2020-10-14 14:54:52.202  INFO 2280 --- [restartedMain] o.a.c.c.C.[Tomcat].[localhost].[/]       : Initializing Spring embedded WebApplicationContext
2020-10-14 14:54:52.203  INFO 2280 --- [restartedMain] o.s.web.context.ContextLoader            : Root WebApplicationContext: initialization completed in 439 ms
2020-10-14 14:54:52.236  INFO 2280 --- [restartedMain] com.zaxxer.hikari.HikariDataSource       : HikariPool-4 - Starting...
2020-10-14 14:54:52.238  INFO 2280 --- [restartedMain] com.zaxxer.hikari.HikariDataSource       : HikariPool-4 - Start completed.
2020-10-14 14:54:52.238  INFO 2280 --- [restartedMain] o.s.b.a.h2.H2ConsoleAutoConfiguration    : H2 console available at '/h2-console'. Database available at 'jdbc:h2:mem:testdb'
2020-10-14 14:54:52.314  INFO 2280 --- [restartedMain] o.hibernate.jpa.internal.util.LogHelper  : HHH000204: Processing PersistenceUnitInfo [name: default]
2020-10-14 14:54:52.317  INFO 2280 --- [restartedMain] org.hibernate.dialect.Dialect            : HHH000400: Using dialect: org.hibernate.dialect.H2Dialect
2020-10-14 14:54:52.364  INFO 2280 --- [restartedMain] o.h.e.t.j.p.i.JtaPlatformInitiator       : HHH000490: Using JtaPlatform implementation: [org.hibernate.engine.transaction.jta.platform.internal.NoJtaPlatform]
2020-10-14 14:54:52.364  INFO 2280 --- [restartedMain] j.LocalContainerEntityManagerFactoryBean : Initialized JPA EntityManagerFactory for persistence unit 'default'
2020-10-14 14:54:52.375  INFO 2280 --- [restartedMain] o.s.b.d.a.OptionalLiveReloadServer       : LiveReload server is running on port 35729
2020-10-14 14:54:52.479  WARN 2280 --- [restartedMain] JpaBaseConfiguration$JpaWebConfiguration : spring.jpa.open-in-view is enabled by default. Therefore, database queries may be performed during view rendering. Explicitly configure spring.jpa.open-in-view to disable this warning
2020-10-14 14:54:52.521  INFO 2280 --- [restartedMain] o.s.s.concurrent.ThreadPoolTaskExecutor  : Initializing ExecutorService 'applicationTaskExecutor'
2020-10-14 14:54:52.621  INFO 2280 --- [restartedMain] o.s.s.c.ThreadPoolTaskScheduler          : Initializing ExecutorService 'taskScheduler'
2020-10-14 14:54:52.634  INFO 2280 --- [restartedMain] o.s.b.a.e.web.EndpointLinksResolver      : Exposing 14 endpoint(s) beneath base path '/actuator'
2020-10-14 14:54:52.663  INFO 2280 --- [restartedMain] o.s.b.w.embedded.tomcat.TomcatWebServer  : Tomcat started on port(s): 8080 (http) with context path ''
2020-10-14 14:54:52.663  INFO 2280 --- [restartedMain] org.maia.livro.ApiLivrosApplication      : Started ApiLivrosApplication in 0.926 seconds (JVM running for 631.276)
2020-10-14 14:54:52.668  INFO 2280 --- [restartedMain] .ConditionEvaluationDeltaLoggingListener : Condition evaluation unchanged
2020-10-14 14:55:00.628  INFO 2280 --- [http-nio-8080-exec-1] o.a.c.c.C.[Tomcat].[localhost].[/]       : Initializing Spring DispatcherServlet 'dispatcherServlet'
2020-10-14 14:55:00.629  INFO 2280 --- [http-nio-8080-exec-1] o.s.web.servlet.DispatcherServlet        : Initializing Servlet 'dispatcherServlet'
2020-10-14 14:55:00.632  INFO 2280 --- [http-nio-8080-exec-1] o.s.web.servlet.DispatcherServlet        : Completed initialization in 3 ms
2020-10-14 14:55:14.995  INFO 2280 --- [http-nio-8080-exec-3] o.m.livro.restcontroller.BookController  : Listando Todos os Livros!
2020-10-14 14:55:15.000  INFO 2280 --- [http-nio-8080-exec-3] o.m.l.services.impl.BookServicesImpl     : Listando Todos os Livros pelo Services!
2020-10-14 14:55:16.170  INFO 2280 --- [http-nio-8080-exec-4] o.m.livro.restcontroller.BookController  : Listando Todos os Livros!
2020-10-14 14:55:16.171  INFO 2280 --- [http-nio-8080-exec-4] o.m.l.services.impl.BookServicesImpl     : Listando Todos os Livros pelo Services!
2020-10-14 14:55:27.276  INFO 2280 --- [Thread-29] o.s.s.c.ThreadPoolTaskScheduler          : Shutting down ExecutorService 'taskScheduler'
2020-10-14 14:55:27.277  INFO 2280 --- [Thread-29] o.s.s.concurrent.ThreadPoolTaskExecutor  : Shutting down ExecutorService 'applicationTaskExecutor'
2020-10-14 14:55:27.278  INFO 2280 --- [Thread-29] j.LocalContainerEntityManagerFactoryBean : Closing JPA EntityManagerFactory for persistence unit 'default'
2020-10-14 14:55:27.278  INFO 2280 --- [Thread-29] .SchemaDropperImpl$DelayedDropActionImpl : HHH000477: Starting delayed evictData of schema as part of SessionFactory shut-down'
2020-10-14 14:55:27.278 ERROR 2280 --- [Thread-29] .SchemaDropperImpl$DelayedDropActionImpl : HHH000478: Unsuccessful: drop table book if exists
2020-10-14 14:55:27.482  WARN 2280 --- [Thread-29] o.s.b.f.support.DisposableBeanAdapter    : Invocation of destroy method failed on bean with name 'inMemoryDatabaseShutdownExecutor': org.h2.jdbc.JdbcSQLNonTransientConnectionException: Database is already closed (to disable automatic closing at VM shutdown, add ";DB_CLOSE_ON_EXIT=FALSE" to the db URL) [90121-200]
2020-10-14 14:55:27.482  INFO 2280 --- [Thread-29] com.zaxxer.hikari.HikariDataSource       : HikariPool-4 - Shutdown initiated...
2020-10-14 14:55:27.484  INFO 2280 --- [Thread-29] com.zaxxer.hikari.HikariDataSource       : HikariPool-4 - Shutdown completed.
2020-10-14 14:55:27.959  INFO 2280 --- [restartedMain] org.maia.livro.ApiLivrosApplication      : Starting ApiLivrosApplication on DESKTOP-IVRFO2K with PID 2280 (D:\Desenvolvimento\workspace_java\api-livros-tdd\target\classes started by dowgl in D:\Desenvolvimento\workspace_java\api-livros-tdd)
2020-10-14 14:55:27.960  INFO 2280 --- [restartedMain] org.maia.livro.ApiLivrosApplication      : No active profile set, falling back to default profiles: default
2020-10-14 14:55:28.200  INFO 2280 --- [restartedMain] .s.d.r.c.RepositoryConfigurationDelegate : Bootstrapping Spring Data JPA repositories in DEFAULT mode.
2020-10-14 14:55:28.212  INFO 2280 --- [restartedMain] .s.d.r.c.RepositoryConfigurationDelegate : Finished Spring Data repository scanning in 11ms. Found 2 JPA repository interfaces.
2020-10-14 14:55:28.355  INFO 2280 --- [restartedMain] o.s.b.w.embedded.tomcat.TomcatWebServer  : Tomcat initialized with port(s): 8080 (http)
2020-10-14 14:55:28.355  INFO 2280 --- [restartedMain] o.apache.catalina.core.StandardService   : Starting service [Tomcat]
2020-10-14 14:55:28.356  INFO 2280 --- [restartedMain] org.apache.catalina.core.StandardEngine  : Starting Servlet engine: [Apache Tomcat/9.0.33]
2020-10-14 14:55:28.372  INFO 2280 --- [restartedMain] o.a.c.c.C.[Tomcat].[localhost].[/]       : Initializing Spring embedded WebApplicationContext
2020-10-14 14:55:28.372  INFO 2280 --- [restartedMain] o.s.web.context.ContextLoader            : Root WebApplicationContext: initialization completed in 411 ms
2020-10-14 14:55:28.405  INFO 2280 --- [restartedMain] com.zaxxer.hikari.HikariDataSource       : HikariPool-5 - Starting...
2020-10-14 14:55:28.407  INFO 2280 --- [restartedMain] com.zaxxer.hikari.HikariDataSource       : HikariPool-5 - Start completed.
2020-10-14 14:55:28.407  INFO 2280 --- [restartedMain] o.s.b.a.h2.H2ConsoleAutoConfiguration    : H2 console available at '/h2-console'. Database available at 'jdbc:h2:mem:testdb'
2020-10-14 14:55:28.494  INFO 2280 --- [restartedMain] o.hibernate.jpa.internal.util.LogHelper  : HHH000204: Processing PersistenceUnitInfo [name: default]
2020-10-14 14:55:28.497  INFO 2280 --- [restartedMain] org.hibernate.dialect.Dialect            : HHH000400: Using dialect: org.hibernate.dialect.H2Dialect
2020-10-14 14:55:28.538  INFO 2280 --- [restartedMain] o.h.e.t.j.p.i.JtaPlatformInitiator       : HHH000490: Using JtaPlatform implementation: [org.hibernate.engine.transaction.jta.platform.internal.NoJtaPlatform]
2020-10-14 14:55:28.538  INFO 2280 --- [restartedMain] j.LocalContainerEntityManagerFactoryBean : Initialized JPA EntityManagerFactory for persistence unit 'default'
2020-10-14 14:55:28.547  INFO 2280 --- [restartedMain] o.s.b.d.a.OptionalLiveReloadServer       : LiveReload server is running on port 35729
2020-10-14 14:55:28.638  WARN 2280 --- [restartedMain] JpaBaseConfiguration$JpaWebConfiguration : spring.jpa.open-in-view is enabled by default. Therefore, database queries may be performed during view rendering. Explicitly configure spring.jpa.open-in-view to disable this warning
2020-10-14 14:55:28.677  INFO 2280 --- [restartedMain] o.s.s.concurrent.ThreadPoolTaskExecutor  : Initializing ExecutorService 'applicationTaskExecutor'
2020-10-14 14:55:28.768  INFO 2280 --- [restartedMain] o.s.s.c.ThreadPoolTaskScheduler          : Initializing ExecutorService 'taskScheduler'
2020-10-14 14:55:28.779  INFO 2280 --- [restartedMain] o.s.b.a.e.web.EndpointLinksResolver      : Exposing 14 endpoint(s) beneath base path '/actuator'
2020-10-14 14:55:28.803  INFO 2280 --- [restartedMain] o.s.b.w.embedded.tomcat.TomcatWebServer  : Tomcat started on port(s): 8080 (http) with context path ''
2020-10-14 14:55:28.803  INFO 2280 --- [restartedMain] org.maia.livro.ApiLivrosApplication      : Started ApiLivrosApplication in 0.864 seconds (JVM running for 667.416)
2020-10-14 14:55:28.806  INFO 2280 --- [restartedMain] .ConditionEvaluationDeltaLoggingListener : Condition evaluation unchanged
2020-10-14 14:57:47.934  INFO 2280 --- [RMI TCP Connection(34)-127.0.0.1] inMXBeanRegistrar$SpringApplicationAdmin : Application shutdown requested.
2020-10-14 14:57:47.936  INFO 2280 --- [RMI TCP Connection(34)-127.0.0.1] o.s.s.c.ThreadPoolTaskScheduler          : Shutting down ExecutorService 'taskScheduler'
2020-10-14 14:57:47.936  INFO 2280 --- [RMI TCP Connection(34)-127.0.0.1] o.s.s.concurrent.ThreadPoolTaskExecutor  : Shutting down ExecutorService 'applicationTaskExecutor'
2020-10-14 14:57:47.937  INFO 2280 --- [RMI TCP Connection(34)-127.0.0.1] j.LocalContainerEntityManagerFactoryBean : Closing JPA EntityManagerFactory for persistence unit 'default'
2020-10-14 14:57:47.937  INFO 2280 --- [RMI TCP Connection(34)-127.0.0.1] .SchemaDropperImpl$DelayedDropActionImpl : HHH000477: Starting delayed evictData of schema as part of SessionFactory shut-down'
2020-10-14 14:57:47.938 ERROR 2280 --- [RMI TCP Connection(34)-127.0.0.1] .SchemaDropperImpl$DelayedDropActionImpl : HHH000478: Unsuccessful: drop table book if exists
2020-10-14 14:57:48.141  WARN 2280 --- [RMI TCP Connection(34)-127.0.0.1] o.s.b.f.support.DisposableBeanAdapter    : Invocation of destroy method failed on bean with name 'inMemoryDatabaseShutdownExecutor': org.h2.jdbc.JdbcSQLNonTransientConnectionException: Database is already closed (to disable automatic closing at VM shutdown, add ";DB_CLOSE_ON_EXIT=FALSE" to the db URL) [90121-200]
2020-10-14 14:57:48.141  INFO 2280 --- [RMI TCP Connection(34)-127.0.0.1] com.zaxxer.hikari.HikariDataSource       : HikariPool-5 - Shutdown initiated...
2020-10-14 14:57:48.143  INFO 2280 --- [RMI TCP Connection(34)-127.0.0.1] com.zaxxer.hikari.HikariDataSource       : HikariPool-5 - Shutdown completed.
2020-10-14 16:00:02.056  INFO 14828 --- [restartedMain] org.maia.livro.ApiLivrosApplication      : Starting ApiLivrosApplication on DESKTOP-IVRFO2K with PID 14828 (D:\Desenvolvimento\workspace_java\api-livros-tdd\target\classes started by dowgl in D:\Desenvolvimento\workspace_java\api-livros-tdd)
2020-10-14 16:00:02.058  INFO 14828 --- [restartedMain] org.maia.livro.ApiLivrosApplication      : No active profile set, falling back to default profiles: default
2020-10-14 16:00:02.102  INFO 14828 --- [restartedMain] o.s.b.devtools.restart.ChangeableUrls    : The Class-Path manifest attribute in C:\Users\dowgl\.m2\repository\org\glassfish\jaxb\jaxb-runtime\2.3.2\jaxb-runtime-2.3.2.jar referenced one or more files that do not exist: file:/C:/Users/dowgl/.m2/repository/org/glassfish/jaxb/jaxb-runtime/2.3.2/jakarta.xml.bind-api-2.3.2.jar,file:/C:/Users/dowgl/.m2/repository/org/glassfish/jaxb/jaxb-runtime/2.3.2/txw2-2.3.2.jar,file:/C:/Users/dowgl/.m2/repository/org/glassfish/jaxb/jaxb-runtime/2.3.2/istack-commons-runtime-3.0.8.jar,file:/C:/Users/dowgl/.m2/repository/org/glassfish/jaxb/jaxb-runtime/2.3.2/stax-ex-1.8.1.jar,file:/C:/Users/dowgl/.m2/repository/org/glassfish/jaxb/jaxb-runtime/2.3.2/FastInfoset-1.2.16.jar,file:/C:/Users/dowgl/.m2/repository/org/glassfish/jaxb/jaxb-runtime/2.3.2/jakarta.activation-api-1.2.1.jar
2020-10-14 16:00:02.102  INFO 14828 --- [restartedMain] .e.DevToolsPropertyDefaultsPostProcessor : Devtools property defaults active! Set 'spring.devtools.add-properties' to 'false' to disable
2020-10-14 16:00:02.102  INFO 14828 --- [restartedMain] .e.DevToolsPropertyDefaultsPostProcessor : For additional web related logging consider setting the 'logging.level.web' property to 'DEBUG'
2020-10-14 16:00:02.974  INFO 14828 --- [restartedMain] .s.d.r.c.RepositoryConfigurationDelegate : Bootstrapping Spring Data JPA repositories in DEFAULT mode.
2020-10-14 16:00:03.041  INFO 14828 --- [restartedMain] .s.d.r.c.RepositoryConfigurationDelegate : Finished Spring Data repository scanning in 57ms. Found 2 JPA repository interfaces.
2020-10-14 16:00:03.552  INFO 14828 --- [restartedMain] o.s.b.w.embedded.tomcat.TomcatWebServer  : Tomcat initialized with port(s): 8080 (http)
2020-10-14 16:00:03.559  INFO 14828 --- [restartedMain] o.apache.catalina.core.StandardService   : Starting service [Tomcat]
2020-10-14 16:00:03.559  INFO 14828 --- [restartedMain] org.apache.catalina.core.StandardEngine  : Starting Servlet engine: [Apache Tomcat/9.0.33]
2020-10-14 16:00:03.633  INFO 14828 --- [restartedMain] o.a.c.c.C.[Tomcat].[localhost].[/]       : Initializing Spring embedded WebApplicationContext
2020-10-14 16:00:03.633  INFO 14828 --- [restartedMain] o.s.web.context.ContextLoader            : Root WebApplicationContext: initialization completed in 1531 ms
2020-10-14 16:00:03.737  INFO 14828 --- [restartedMain] com.zaxxer.hikari.HikariDataSource       : HikariPool-1 - Starting...
2020-10-14 16:00:03.831  INFO 14828 --- [restartedMain] com.zaxxer.hikari.HikariDataSource       : HikariPool-1 - Start completed.
2020-10-14 16:00:03.836  INFO 14828 --- [restartedMain] o.s.b.a.h2.H2ConsoleAutoConfiguration    : H2 console available at '/h2-console'. Database available at 'jdbc:h2:mem:testdb'
2020-10-14 16:00:04.048  INFO 14828 --- [restartedMain] o.s.b.a.e.web.ServletEndpointRegistrar   : Registered '/actuator/jolokia' to jolokia-actuator-endpoint
2020-10-14 16:00:04.126  INFO 14828 --- [restartedMain] o.hibernate.jpa.internal.util.LogHelper  : HHH000204: Processing PersistenceUnitInfo [name: default]
2020-10-14 16:00:04.179  INFO 14828 --- [restartedMain] org.hibernate.Version                    : HHH000412: Hibernate ORM core version 5.4.12.Final
2020-10-14 16:00:04.271  INFO 14828 --- [restartedMain] o.hibernate.annotations.common.Version   : HCANN000001: Hibernate Commons Annotations {5.1.0.Final}
2020-10-14 16:00:04.355  INFO 14828 --- [restartedMain] org.hibernate.dialect.Dialect            : HHH000400: Using dialect: org.hibernate.dialect.H2Dialect
2020-10-14 16:00:04.912  INFO 14828 --- [restartedMain] o.h.e.t.j.p.i.JtaPlatformInitiator       : HHH000490: Using JtaPlatform implementation: [org.hibernate.engine.transaction.jta.platform.internal.NoJtaPlatform]
2020-10-14 16:00:04.917  INFO 14828 --- [restartedMain] j.LocalContainerEntityManagerFactoryBean : Initialized JPA EntityManagerFactory for persistence unit 'default'
2020-10-14 16:00:04.943  WARN 14828 --- [restartedMain] o.s.b.d.a.OptionalLiveReloadServer       : Unable to start LiveReload server
2020-10-14 16:00:05.388  WARN 14828 --- [restartedMain] JpaBaseConfiguration$JpaWebConfiguration : spring.jpa.open-in-view is enabled by default. Therefore, database queries may be performed during view rendering. Explicitly configure spring.jpa.open-in-view to disable this warning
2020-10-14 16:00:05.493  INFO 14828 --- [restartedMain] o.s.s.concurrent.ThreadPoolTaskExecutor  : Initializing ExecutorService 'applicationTaskExecutor'
2020-10-14 16:00:05.689  INFO 14828 --- [restartedMain] o.s.s.c.ThreadPoolTaskScheduler          : Initializing ExecutorService
2020-10-14 16:00:05.748  INFO 14828 --- [restartedMain] o.s.s.c.ThreadPoolTaskScheduler          : Initializing ExecutorService 'taskScheduler'
2020-10-14 16:00:05.767  INFO 14828 --- [restartedMain] o.s.b.a.e.web.EndpointLinksResolver      : Exposing 15 endpoint(s) beneath base path '/actuator'
2020-10-14 16:00:05.827  INFO 14828 --- [restartedMain] o.apache.catalina.core.StandardService   : Stopping service [Tomcat]
2020-10-14 16:00:05.830  WARN 14828 --- [restartedMain] o.a.c.loader.WebappClassLoaderBase       : The web application [ROOT] appears to have started a thread named [HikariPool-1 housekeeper] but has failed to stop it. This is very likely to create a memory leak. Stack trace of thread:
 sun.misc.Unsafe.park(Native Method)
 java.util.concurrent.locks.LockSupport.parkNanos(Unknown Source)
 java.util.concurrent.locks.AbstractQueuedSynchronizer$ConditionObject.awaitNanos(Unknown Source)
 java.util.concurrent.ScheduledThreadPoolExecutor$DelayedWorkQueue.take(Unknown Source)
 java.util.concurrent.ScheduledThreadPoolExecutor$DelayedWorkQueue.take(Unknown Source)
 java.util.concurrent.ThreadPoolExecutor.getTask(Unknown Source)
 java.util.concurrent.ThreadPoolExecutor.runWorker(Unknown Source)
 java.util.concurrent.ThreadPoolExecutor$Worker.run(Unknown Source)
 java.lang.Thread.run(Unknown Source)
2020-10-14 16:00:05.831  WARN 14828 --- [restartedMain] o.a.c.loader.WebappClassLoaderBase       : The web application [ROOT] appears to have started a thread named [HikariPool-1 connection adder] but has failed to stop it. This is very likely to create a memory leak. Stack trace of thread:
 sun.misc.Unsafe.park(Native Method)
 java.util.concurrent.locks.LockSupport.parkNanos(Unknown Source)
 java.util.concurrent.locks.AbstractQueuedSynchronizer$ConditionObject.awaitNanos(Unknown Source)
 java.util.concurrent.LinkedBlockingQueue.poll(Unknown Source)
 java.util.concurrent.ThreadPoolExecutor.getTask(Unknown Source)
 java.util.concurrent.ThreadPoolExecutor.runWorker(Unknown Source)
 java.util.concurrent.ThreadPoolExecutor$Worker.run(Unknown Source)
 java.lang.Thread.run(Unknown Source)
2020-10-14 16:00:05.834  INFO 14828 --- [restartedMain] ConditionEvaluationReportLoggingListener : 

Error starting ApplicationContext. To display the conditions report re-run your application with 'debug' enabled.
2020-10-14 16:00:05.837 ERROR 14828 --- [restartedMain] o.s.b.d.LoggingFailureAnalysisReporter   : 

***************************
APPLICATION FAILED TO START
***************************

Description:

Web server failed to start. Port 8080 was already in use.

Action:

Identify and stop the process that's listening on port 8080 or configure this application to listen on another port.

2020-10-14 16:00:05.839  INFO 14828 --- [restartedMain] o.s.s.c.ThreadPoolTaskScheduler          : Shutting down ExecutorService 'taskScheduler'
2020-10-14 16:00:05.840  WARN 14828 --- [restartedMain] o.s.b.f.support.DisposableBeanAdapter    : Invocation of destroy method failed on bean with name 'tomcatMetricsBinder': java.lang.NullPointerException
2020-10-14 16:00:05.840  INFO 14828 --- [restartedMain] o.s.s.c.ThreadPoolTaskScheduler          : Shutting down ExecutorService
2020-10-14 16:00:05.841  INFO 14828 --- [restartedMain] o.s.s.concurrent.ThreadPoolTaskExecutor  : Shutting down ExecutorService 'applicationTaskExecutor'
2020-10-14 16:00:05.842  INFO 14828 --- [restartedMain] j.LocalContainerEntityManagerFactoryBean : Closing JPA EntityManagerFactory for persistence unit 'default'
2020-10-14 16:00:05.842  INFO 14828 --- [restartedMain] .SchemaDropperImpl$DelayedDropActionImpl : HHH000477: Starting delayed evictData of schema as part of SessionFactory shut-down'
2020-10-14 16:00:05.843 ERROR 14828 --- [restartedMain] .SchemaDropperImpl$DelayedDropActionImpl : HHH000478: Unsuccessful: drop table book if exists
2020-10-14 16:00:06.195  WARN 14828 --- [restartedMain] o.s.b.f.support.DisposableBeanAdapter    : Invocation of destroy method failed on bean with name 'inMemoryDatabaseShutdownExecutor': org.h2.jdbc.JdbcSQLNonTransientConnectionException: Database is already closed (to disable automatic closing at VM shutdown, add ";DB_CLOSE_ON_EXIT=FALSE" to the db URL) [90121-200]
2020-10-14 16:00:06.196  INFO 14828 --- [restartedMain] com.zaxxer.hikari.HikariDataSource       : HikariPool-1 - Shutdown initiated...
2020-10-14 16:00:06.198  INFO 14828 --- [restartedMain] com.zaxxer.hikari.HikariDataSource       : HikariPool-1 - Shutdown completed.
2020-10-14 16:01:51.963  INFO 13172 --- [restartedMain] org.maia.livro.ApiLivrosApplication      : Starting ApiLivrosApplication on DESKTOP-IVRFO2K with PID 13172 (D:\Desenvolvimento\workspace_java\api-livros-tdd\target\classes started by dowgl in D:\Desenvolvimento\workspace_java\api-livros-tdd)
2020-10-14 16:01:51.966  INFO 13172 --- [restartedMain] org.maia.livro.ApiLivrosApplication      : No active profile set, falling back to default profiles: default
2020-10-14 16:01:52.002  INFO 13172 --- [restartedMain] o.s.b.devtools.restart.ChangeableUrls    : The Class-Path manifest attribute in C:\Users\dowgl\.m2\repository\org\glassfish\jaxb\jaxb-runtime\2.3.2\jaxb-runtime-2.3.2.jar referenced one or more files that do not exist: file:/C:/Users/dowgl/.m2/repository/org/glassfish/jaxb/jaxb-runtime/2.3.2/jakarta.xml.bind-api-2.3.2.jar,file:/C:/Users/dowgl/.m2/repository/org/glassfish/jaxb/jaxb-runtime/2.3.2/txw2-2.3.2.jar,file:/C:/Users/dowgl/.m2/repository/org/glassfish/jaxb/jaxb-runtime/2.3.2/istack-commons-runtime-3.0.8.jar,file:/C:/Users/dowgl/.m2/repository/org/glassfish/jaxb/jaxb-runtime/2.3.2/stax-ex-1.8.1.jar,file:/C:/Users/dowgl/.m2/repository/org/glassfish/jaxb/jaxb-runtime/2.3.2/FastInfoset-1.2.16.jar,file:/C:/Users/dowgl/.m2/repository/org/glassfish/jaxb/jaxb-runtime/2.3.2/jakarta.activation-api-1.2.1.jar
2020-10-14 16:01:52.002  INFO 13172 --- [restartedMain] .e.DevToolsPropertyDefaultsPostProcessor : Devtools property defaults active! Set 'spring.devtools.add-properties' to 'false' to disable
2020-10-14 16:01:52.003  INFO 13172 --- [restartedMain] .e.DevToolsPropertyDefaultsPostProcessor : For additional web related logging consider setting the 'logging.level.web' property to 'DEBUG'
2020-10-14 16:01:52.757  INFO 13172 --- [restartedMain] .s.d.r.c.RepositoryConfigurationDelegate : Bootstrapping Spring Data JPA repositories in DEFAULT mode.
2020-10-14 16:01:52.809  INFO 13172 --- [restartedMain] .s.d.r.c.RepositoryConfigurationDelegate : Finished Spring Data repository scanning in 46ms. Found 2 JPA repository interfaces.
2020-10-14 16:01:53.270  INFO 13172 --- [restartedMain] o.s.b.w.embedded.tomcat.TomcatWebServer  : Tomcat initialized with port(s): 8080 (http)
2020-10-14 16:01:53.279  INFO 13172 --- [restartedMain] o.apache.catalina.core.StandardService   : Starting service [Tomcat]
2020-10-14 16:01:53.280  INFO 13172 --- [restartedMain] org.apache.catalina.core.StandardEngine  : Starting Servlet engine: [Apache Tomcat/9.0.33]
2020-10-14 16:01:53.350  INFO 13172 --- [restartedMain] o.a.c.c.C.[Tomcat].[localhost].[/]       : Initializing Spring embedded WebApplicationContext
2020-10-14 16:01:53.350  INFO 13172 --- [restartedMain] o.s.web.context.ContextLoader            : Root WebApplicationContext: initialization completed in 1347 ms
2020-10-14 16:01:53.451  INFO 13172 --- [restartedMain] com.zaxxer.hikari.HikariDataSource       : HikariPool-1 - Starting...
2020-10-14 16:01:53.534  INFO 13172 --- [restartedMain] com.zaxxer.hikari.HikariDataSource       : HikariPool-1 - Start completed.
2020-10-14 16:01:53.539  INFO 13172 --- [restartedMain] o.s.b.a.h2.H2ConsoleAutoConfiguration    : H2 console available at '/h2-console'. Database available at 'jdbc:h2:mem:testdb'
2020-10-14 16:01:53.738  INFO 13172 --- [restartedMain] o.s.b.a.e.web.ServletEndpointRegistrar   : Registered '/actuator/jolokia' to jolokia-actuator-endpoint
2020-10-14 16:01:53.810  INFO 13172 --- [restartedMain] o.hibernate.jpa.internal.util.LogHelper  : HHH000204: Processing PersistenceUnitInfo [name: default]
2020-10-14 16:01:53.857  INFO 13172 --- [restartedMain] org.hibernate.Version                    : HHH000412: Hibernate ORM core version 5.4.12.Final
2020-10-14 16:01:53.939  INFO 13172 --- [restartedMain] o.hibernate.annotations.common.Version   : HCANN000001: Hibernate Commons Annotations {5.1.0.Final}
2020-10-14 16:01:54.014  INFO 13172 --- [restartedMain] org.hibernate.dialect.Dialect            : HHH000400: Using dialect: org.hibernate.dialect.H2Dialect
2020-10-14 16:01:54.497  INFO 13172 --- [restartedMain] o.h.e.t.j.p.i.JtaPlatformInitiator       : HHH000490: Using JtaPlatform implementation: [org.hibernate.engine.transaction.jta.platform.internal.NoJtaPlatform]
2020-10-14 16:01:54.502  INFO 13172 --- [restartedMain] j.LocalContainerEntityManagerFactoryBean : Initialized JPA EntityManagerFactory for persistence unit 'default'
2020-10-14 16:01:54.526  WARN 13172 --- [restartedMain] o.s.b.d.a.OptionalLiveReloadServer       : Unable to start LiveReload server
2020-10-14 16:01:54.936  WARN 13172 --- [restartedMain] JpaBaseConfiguration$JpaWebConfiguration : spring.jpa.open-in-view is enabled by default. Therefore, database queries may be performed during view rendering. Explicitly configure spring.jpa.open-in-view to disable this warning
2020-10-14 16:01:55.031  INFO 13172 --- [restartedMain] o.s.s.concurrent.ThreadPoolTaskExecutor  : Initializing ExecutorService 'applicationTaskExecutor'
2020-10-14 16:01:55.222  INFO 13172 --- [restartedMain] o.s.s.c.ThreadPoolTaskScheduler          : Initializing ExecutorService
2020-10-14 16:01:55.281  INFO 13172 --- [restartedMain] o.s.s.c.ThreadPoolTaskScheduler          : Initializing ExecutorService 'taskScheduler'
2020-10-14 16:01:55.299  INFO 13172 --- [restartedMain] o.s.b.a.e.web.EndpointLinksResolver      : Exposing 15 endpoint(s) beneath base path '/actuator'
2020-10-14 16:01:55.362  INFO 13172 --- [restartedMain] o.s.b.w.embedded.tomcat.TomcatWebServer  : Tomcat started on port(s): 8080 (http) with context path ''
2020-10-14 16:01:55.364  INFO 13172 --- [restartedMain] org.maia.livro.ApiLivrosApplication      : Started ApiLivrosApplication in 3.652 seconds (JVM running for 4.524)
2020-10-14 16:02:22.697  WARN 13172 --- [registrationTask1] d.c.b.a.c.r.ApplicationRegistrator       : Failed to register application as Application(name=spring-boot-application, managementUrl=http://DESKTOP-IVRFO2K:8080/actuator, healthUrl=http://DESKTOP-IVRFO2K:8080/actuator/health, serviceUrl=http://DESKTOP-IVRFO2K:8080/) at spring-boot-admin ([http://localhost:8081//instances]): 404 Not Found: [{"timestamp":"2020-10-14T19:02:22.622+00:00","path":"/instances","status":404,"error":"Not Found","message":null,"requestId":"c0124058-1","trace":"org.springframework.web.server.ResponseStatusExceptio... (7689 bytes)]. Further attempts are logged on DEBUG level
2020-10-14 16:05:39.369  INFO 13172 --- [http-nio-8080-exec-1] o.a.c.c.C.[Tomcat].[localhost].[/]       : Initializing Spring DispatcherServlet 'dispatcherServlet'
2020-10-14 16:05:39.370  INFO 13172 --- [http-nio-8080-exec-1] o.s.web.servlet.DispatcherServlet        : Initializing Servlet 'dispatcherServlet'
2020-10-14 16:05:39.376  INFO 13172 --- [http-nio-8080-exec-1] o.s.web.servlet.DispatcherServlet        : Completed initialization in 6 ms
2020-10-14 16:10:52.202  INFO 13172 --- [RMI TCP Connection(17)-127.0.0.1] inMXBeanRegistrar$SpringApplicationAdmin : Application shutdown requested.
2020-10-14 16:10:52.205  INFO 13172 --- [RMI TCP Connection(17)-127.0.0.1] o.s.s.c.ThreadPoolTaskScheduler          : Shutting down ExecutorService 'taskScheduler'
2020-10-14 16:10:52.207  INFO 13172 --- [RMI TCP Connection(17)-127.0.0.1] o.s.s.c.ThreadPoolTaskScheduler          : Shutting down ExecutorService
2020-10-14 16:10:52.207  INFO 13172 --- [RMI TCP Connection(17)-127.0.0.1] o.s.s.concurrent.ThreadPoolTaskExecutor  : Shutting down ExecutorService 'applicationTaskExecutor'
2020-10-14 16:10:52.208  INFO 13172 --- [RMI TCP Connection(17)-127.0.0.1] j.LocalContainerEntityManagerFactoryBean : Closing JPA EntityManagerFactory for persistence unit 'default'
2020-10-14 16:10:52.209  INFO 13172 --- [RMI TCP Connection(17)-127.0.0.1] .SchemaDropperImpl$DelayedDropActionImpl : HHH000477: Starting delayed evictData of schema as part of SessionFactory shut-down'
2020-10-14 16:10:52.211 ERROR 13172 --- [RMI TCP Connection(17)-127.0.0.1] .SchemaDropperImpl$DelayedDropActionImpl : HHH000478: Unsuccessful: drop table book if exists
2020-10-14 16:10:52.427  WARN 13172 --- [RMI TCP Connection(17)-127.0.0.1] o.s.b.f.support.DisposableBeanAdapter    : Invocation of destroy method failed on bean with name 'inMemoryDatabaseShutdownExecutor': org.h2.jdbc.JdbcSQLNonTransientConnectionException: Database is already closed (to disable automatic closing at VM shutdown, add ";DB_CLOSE_ON_EXIT=FALSE" to the db URL) [90121-200]
2020-10-14 16:10:52.428  INFO 13172 --- [RMI TCP Connection(17)-127.0.0.1] com.zaxxer.hikari.HikariDataSource       : HikariPool-1 - Shutdown initiated...
2020-10-14 16:10:52.429  INFO 13172 --- [RMI TCP Connection(17)-127.0.0.1] com.zaxxer.hikari.HikariDataSource       : HikariPool-1 - Shutdown completed.
2020-10-14 16:12:28.730  INFO 13960 --- [restartedMain] org.maia.livro.ApiLivrosApplication      : Starting ApiLivrosApplication on DESKTOP-IVRFO2K with PID 13960 (D:\Desenvolvimento\workspace_java\api-livros-tdd\target\classes started by dowgl in D:\Desenvolvimento\workspace_java\api-livros-tdd)
2020-10-14 16:12:28.733  INFO 13960 --- [restartedMain] org.maia.livro.ApiLivrosApplication      : No active profile set, falling back to default profiles: default
2020-10-14 16:12:28.767  INFO 13960 --- [restartedMain] o.s.b.devtools.restart.ChangeableUrls    : The Class-Path manifest attribute in C:\Users\dowgl\.m2\repository\org\glassfish\jaxb\jaxb-runtime\2.3.2\jaxb-runtime-2.3.2.jar referenced one or more files that do not exist: file:/C:/Users/dowgl/.m2/repository/org/glassfish/jaxb/jaxb-runtime/2.3.2/jakarta.xml.bind-api-2.3.2.jar,file:/C:/Users/dowgl/.m2/repository/org/glassfish/jaxb/jaxb-runtime/2.3.2/txw2-2.3.2.jar,file:/C:/Users/dowgl/.m2/repository/org/glassfish/jaxb/jaxb-runtime/2.3.2/istack-commons-runtime-3.0.8.jar,file:/C:/Users/dowgl/.m2/repository/org/glassfish/jaxb/jaxb-runtime/2.3.2/stax-ex-1.8.1.jar,file:/C:/Users/dowgl/.m2/repository/org/glassfish/jaxb/jaxb-runtime/2.3.2/FastInfoset-1.2.16.jar,file:/C:/Users/dowgl/.m2/repository/org/glassfish/jaxb/jaxb-runtime/2.3.2/jakarta.activation-api-1.2.1.jar
2020-10-14 16:12:28.767  INFO 13960 --- [restartedMain] .e.DevToolsPropertyDefaultsPostProcessor : Devtools property defaults active! Set 'spring.devtools.add-properties' to 'false' to disable
2020-10-14 16:12:28.768  INFO 13960 --- [restartedMain] .e.DevToolsPropertyDefaultsPostProcessor : For additional web related logging consider setting the 'logging.level.web' property to 'DEBUG'
2020-10-14 16:12:29.552  INFO 13960 --- [restartedMain] .s.d.r.c.RepositoryConfigurationDelegate : Bootstrapping Spring Data JPA repositories in DEFAULT mode.
2020-10-14 16:12:29.605  INFO 13960 --- [restartedMain] .s.d.r.c.RepositoryConfigurationDelegate : Finished Spring Data repository scanning in 47ms. Found 2 JPA repository interfaces.
2020-10-14 16:12:30.101  INFO 13960 --- [restartedMain] o.s.b.w.embedded.tomcat.TomcatWebServer  : Tomcat initialized with port(s): 8080 (http)
2020-10-14 16:12:30.108  INFO 13960 --- [restartedMain] o.apache.catalina.core.StandardService   : Starting service [Tomcat]
2020-10-14 16:12:30.108  INFO 13960 --- [restartedMain] org.apache.catalina.core.StandardEngine  : Starting Servlet engine: [Apache Tomcat/9.0.33]
2020-10-14 16:12:30.183  INFO 13960 --- [restartedMain] o.a.c.c.C.[Tomcat].[localhost].[/]       : Initializing Spring embedded WebApplicationContext
2020-10-14 16:12:30.183  INFO 13960 --- [restartedMain] o.s.web.context.ContextLoader            : Root WebApplicationContext: initialization completed in 1415 ms
2020-10-14 16:12:30.279  INFO 13960 --- [restartedMain] com.zaxxer.hikari.HikariDataSource       : HikariPool-1 - Starting...
2020-10-14 16:12:30.366  INFO 13960 --- [restartedMain] com.zaxxer.hikari.HikariDataSource       : HikariPool-1 - Start completed.
2020-10-14 16:12:30.426  INFO 13960 --- [restartedMain] o.s.b.a.h2.H2ConsoleAutoConfiguration    : H2 console available at '/h2-console'. Database available at 'jdbc:h2:mem:testdb'
2020-10-14 16:12:30.572  INFO 13960 --- [restartedMain] o.s.b.a.e.web.ServletEndpointRegistrar   : Registered '/actuator/jolokia' to jolokia-actuator-endpoint
2020-10-14 16:12:30.646  INFO 13960 --- [restartedMain] o.hibernate.jpa.internal.util.LogHelper  : HHH000204: Processing PersistenceUnitInfo [name: default]
2020-10-14 16:12:30.691  INFO 13960 --- [restartedMain] org.hibernate.Version                    : HHH000412: Hibernate ORM core version 5.4.12.Final
2020-10-14 16:12:30.774  INFO 13960 --- [restartedMain] o.hibernate.annotations.common.Version   : HCANN000001: Hibernate Commons Annotations {5.1.0.Final}
2020-10-14 16:12:30.846  INFO 13960 --- [restartedMain] org.hibernate.dialect.Dialect            : HHH000400: Using dialect: org.hibernate.dialect.H2Dialect
2020-10-14 16:12:31.334  INFO 13960 --- [restartedMain] o.h.e.t.j.p.i.JtaPlatformInitiator       : HHH000490: Using JtaPlatform implementation: [org.hibernate.engine.transaction.jta.platform.internal.NoJtaPlatform]
2020-10-14 16:12:31.340  INFO 13960 --- [restartedMain] j.LocalContainerEntityManagerFactoryBean : Initialized JPA EntityManagerFactory for persistence unit 'default'
2020-10-14 16:12:31.365  WARN 13960 --- [restartedMain] o.s.b.d.a.OptionalLiveReloadServer       : Unable to start LiveReload server
2020-10-14 16:12:31.402  WARN 13960 --- [restartedMain] JpaBaseConfiguration$JpaWebConfiguration : spring.jpa.open-in-view is enabled by default. Therefore, database queries may be performed during view rendering. Explicitly configure spring.jpa.open-in-view to disable this warning
2020-10-14 16:12:31.891  INFO 13960 --- [restartedMain] o.s.s.concurrent.ThreadPoolTaskExecutor  : Initializing ExecutorService 'applicationTaskExecutor'
2020-10-14 16:12:32.070  INFO 13960 --- [restartedMain] o.s.s.c.ThreadPoolTaskScheduler          : Initializing ExecutorService
2020-10-14 16:12:32.154  INFO 13960 --- [restartedMain] .s.s.UserDetailsServiceAutoConfiguration : 

Using generated security password: 80dd7637-3b7a-4604-bda4-8e8c588e1e0f

2020-10-14 16:12:32.390  INFO 13960 --- [restartedMain] o.s.s.web.DefaultSecurityFilterChain     : Creating filter chain: any request, [org.springframework.security.web.context.request.async.WebAsyncManagerIntegrationFilter@2e398c8b, org.springframework.security.web.context.SecurityContextPersistenceFilter@43e4479, org.springframework.security.web.header.HeaderWriterFilter@3e79d292, org.springframework.security.web.authentication.logout.LogoutFilter@23becffa, org.springframework.security.web.savedrequest.RequestCacheAwareFilter@5d6269b3, org.springframework.security.web.servletapi.SecurityContextHolderAwareRequestFilter@82983e3, org.springframework.security.web.authentication.AnonymousAuthenticationFilter@33222d22, org.springframework.security.web.session.SessionManagementFilter@22ede488, org.springframework.security.web.access.ExceptionTranslationFilter@5c255938, org.springframework.security.web.access.intercept.FilterSecurityInterceptor@17341a4f]
2020-10-14 16:12:32.413  INFO 13960 --- [restartedMain] o.s.s.c.ThreadPoolTaskScheduler          : Initializing ExecutorService 'taskScheduler'
2020-10-14 16:12:32.433  INFO 13960 --- [restartedMain] o.s.b.a.e.web.EndpointLinksResolver      : Exposing 15 endpoint(s) beneath base path '/actuator'
2020-10-14 16:12:32.497  INFO 13960 --- [restartedMain] o.s.b.w.embedded.tomcat.TomcatWebServer  : Tomcat started on port(s): 8080 (http) with context path ''
2020-10-14 16:12:32.499  INFO 13960 --- [restartedMain] org.maia.livro.ApiLivrosApplication      : Started ApiLivrosApplication in 4.04 seconds (JVM running for 5.048)
2020-10-14 16:12:59.688  WARN 13960 --- [registrationTask1] d.c.b.a.c.r.ApplicationRegistrator       : Failed to register application as Application(name=spring-boot-application, managementUrl=http://DESKTOP-IVRFO2K:8080/actuator, healthUrl=http://DESKTOP-IVRFO2K:8080/actuator/health, serviceUrl=http://DESKTOP-IVRFO2K:8080/) at spring-boot-admin ([http://localhost:8081//instances]): 404 Not Found: [{"timestamp":"2020-10-14T19:12:59.671+00:00","path":"/instances","status":404,"error":"Not Found","message":null,"requestId":"1c83df25-24","trace":"org.springframework.web.server.ResponseStatusExcepti... (7493 bytes)]. Further attempts are logged on DEBUG level
2020-10-14 16:13:18.639  INFO 13960 --- [http-nio-8080-exec-1] o.a.c.c.C.[Tomcat].[localhost].[/]       : Initializing Spring DispatcherServlet 'dispatcherServlet'
2020-10-14 16:13:18.639  INFO 13960 --- [http-nio-8080-exec-1] o.s.web.servlet.DispatcherServlet        : Initializing Servlet 'dispatcherServlet'
2020-10-14 16:13:18.646  INFO 13960 --- [http-nio-8080-exec-1] o.s.web.servlet.DispatcherServlet        : Completed initialization in 6 ms
2020-10-14 16:14:03.013  INFO 13960 --- [RMI TCP Connection(10)-127.0.0.1] inMXBeanRegistrar$SpringApplicationAdmin : Application shutdown requested.
2020-10-14 16:14:03.016  INFO 13960 --- [RMI TCP Connection(10)-127.0.0.1] o.s.s.c.ThreadPoolTaskScheduler          : Shutting down ExecutorService 'taskScheduler'
2020-10-14 16:14:03.018  INFO 13960 --- [RMI TCP Connection(10)-127.0.0.1] o.s.s.c.ThreadPoolTaskScheduler          : Shutting down ExecutorService
2020-10-14 16:14:03.019  INFO 13960 --- [RMI TCP Connection(10)-127.0.0.1] o.s.s.concurrent.ThreadPoolTaskExecutor  : Shutting down ExecutorService 'applicationTaskExecutor'
2020-10-14 16:14:03.020  INFO 13960 --- [RMI TCP Connection(10)-127.0.0.1] j.LocalContainerEntityManagerFactoryBean : Closing JPA EntityManagerFactory for persistence unit 'default'
2020-10-14 16:14:03.021  INFO 13960 --- [RMI TCP Connection(10)-127.0.0.1] .SchemaDropperImpl$DelayedDropActionImpl : HHH000477: Starting delayed evictData of schema as part of SessionFactory shut-down'
2020-10-14 16:14:03.022 ERROR 13960 --- [RMI TCP Connection(10)-127.0.0.1] .SchemaDropperImpl$DelayedDropActionImpl : HHH000478: Unsuccessful: drop table book if exists
2020-10-14 16:14:03.235  WARN 13960 --- [RMI TCP Connection(10)-127.0.0.1] o.s.b.f.support.DisposableBeanAdapter    : Invocation of destroy method failed on bean with name 'inMemoryDatabaseShutdownExecutor': org.h2.jdbc.JdbcSQLNonTransientConnectionException: Database is already closed (to disable automatic closing at VM shutdown, add ";DB_CLOSE_ON_EXIT=FALSE" to the db URL) [90121-200]
2020-10-14 16:14:03.236  INFO 13960 --- [RMI TCP Connection(10)-127.0.0.1] com.zaxxer.hikari.HikariDataSource       : HikariPool-1 - Shutdown initiated...
2020-10-14 16:14:03.237  INFO 13960 --- [RMI TCP Connection(10)-127.0.0.1] com.zaxxer.hikari.HikariDataSource       : HikariPool-1 - Shutdown completed.
2020-10-14 16:23:53.442  INFO 14964 --- [restartedMain] org.maia.livro.ApiLivrosApplication      : Starting ApiLivrosApplication on DESKTOP-IVRFO2K with PID 14964 (D:\Desenvolvimento\workspace_java\api-livros-tdd\target\classes started by dowgl in D:\Desenvolvimento\workspace_java\api-livros-tdd)
2020-10-14 16:23:53.444  INFO 14964 --- [restartedMain] org.maia.livro.ApiLivrosApplication      : No active profile set, falling back to default profiles: default
2020-10-14 16:23:53.479  INFO 14964 --- [restartedMain] o.s.b.devtools.restart.ChangeableUrls    : The Class-Path manifest attribute in C:\Users\dowgl\.m2\repository\org\glassfish\jaxb\jaxb-runtime\2.3.2\jaxb-runtime-2.3.2.jar referenced one or more files that do not exist: file:/C:/Users/dowgl/.m2/repository/org/glassfish/jaxb/jaxb-runtime/2.3.2/jakarta.xml.bind-api-2.3.2.jar,file:/C:/Users/dowgl/.m2/repository/org/glassfish/jaxb/jaxb-runtime/2.3.2/txw2-2.3.2.jar,file:/C:/Users/dowgl/.m2/repository/org/glassfish/jaxb/jaxb-runtime/2.3.2/istack-commons-runtime-3.0.8.jar,file:/C:/Users/dowgl/.m2/repository/org/glassfish/jaxb/jaxb-runtime/2.3.2/stax-ex-1.8.1.jar,file:/C:/Users/dowgl/.m2/repository/org/glassfish/jaxb/jaxb-runtime/2.3.2/FastInfoset-1.2.16.jar,file:/C:/Users/dowgl/.m2/repository/org/glassfish/jaxb/jaxb-runtime/2.3.2/jakarta.activation-api-1.2.1.jar
2020-10-14 16:23:53.479  INFO 14964 --- [restartedMain] .e.DevToolsPropertyDefaultsPostProcessor : Devtools property defaults active! Set 'spring.devtools.add-properties' to 'false' to disable
2020-10-14 16:23:53.480  INFO 14964 --- [restartedMain] .e.DevToolsPropertyDefaultsPostProcessor : For additional web related logging consider setting the 'logging.level.web' property to 'DEBUG'
2020-10-14 16:23:54.397  INFO 14964 --- [restartedMain] .s.d.r.c.RepositoryConfigurationDelegate : Bootstrapping Spring Data JPA repositories in DEFAULT mode.
2020-10-14 16:23:54.459  INFO 14964 --- [restartedMain] .s.d.r.c.RepositoryConfigurationDelegate : Finished Spring Data repository scanning in 53ms. Found 2 JPA repository interfaces.
2020-10-14 16:23:55.006  INFO 14964 --- [restartedMain] o.s.b.w.embedded.tomcat.TomcatWebServer  : Tomcat initialized with port(s): 8080 (http)
2020-10-14 16:23:55.015  INFO 14964 --- [restartedMain] o.apache.catalina.core.StandardService   : Starting service [Tomcat]
2020-10-14 16:23:55.015  INFO 14964 --- [restartedMain] org.apache.catalina.core.StandardEngine  : Starting Servlet engine: [Apache Tomcat/9.0.33]
2020-10-14 16:23:55.097  INFO 14964 --- [restartedMain] o.a.c.c.C.[Tomcat].[localhost].[/]       : Initializing Spring embedded WebApplicationContext
2020-10-14 16:23:55.097  INFO 14964 --- [restartedMain] o.s.web.context.ContextLoader            : Root WebApplicationContext: initialization completed in 1617 ms
2020-10-14 16:23:55.209  INFO 14964 --- [restartedMain] com.zaxxer.hikari.HikariDataSource       : HikariPool-1 - Starting...
2020-10-14 16:23:55.298  INFO 14964 --- [restartedMain] com.zaxxer.hikari.HikariDataSource       : HikariPool-1 - Start completed.
2020-10-14 16:23:55.362  INFO 14964 --- [restartedMain] o.s.b.a.h2.H2ConsoleAutoConfiguration    : H2 console available at '/h2-console'. Database available at 'jdbc:h2:mem:testdb'
2020-10-14 16:23:55.559  INFO 14964 --- [restartedMain] o.s.b.a.e.web.ServletEndpointRegistrar   : Registered '/actuator/jolokia' to jolokia-actuator-endpoint
2020-10-14 16:23:55.643  INFO 14964 --- [restartedMain] o.hibernate.jpa.internal.util.LogHelper  : HHH000204: Processing PersistenceUnitInfo [name: default]
2020-10-14 16:23:55.696  INFO 14964 --- [restartedMain] org.hibernate.Version                    : HHH000412: Hibernate ORM core version 5.4.12.Final
2020-10-14 16:23:55.784  INFO 14964 --- [restartedMain] o.hibernate.annotations.common.Version   : HCANN000001: Hibernate Commons Annotations {5.1.0.Final}
2020-10-14 16:23:55.877  INFO 14964 --- [restartedMain] org.hibernate.dialect.Dialect            : HHH000400: Using dialect: org.hibernate.dialect.H2Dialect
2020-10-14 16:23:56.443  INFO 14964 --- [restartedMain] o.h.e.t.j.p.i.JtaPlatformInitiator       : HHH000490: Using JtaPlatform implementation: [org.hibernate.engine.transaction.jta.platform.internal.NoJtaPlatform]
2020-10-14 16:23:56.449  INFO 14964 --- [restartedMain] j.LocalContainerEntityManagerFactoryBean : Initialized JPA EntityManagerFactory for persistence unit 'default'
2020-10-14 16:23:56.479  WARN 14964 --- [restartedMain] o.s.b.d.a.OptionalLiveReloadServer       : Unable to start LiveReload server
2020-10-14 16:23:56.531  WARN 14964 --- [restartedMain] JpaBaseConfiguration$JpaWebConfiguration : spring.jpa.open-in-view is enabled by default. Therefore, database queries may be performed during view rendering. Explicitly configure spring.jpa.open-in-view to disable this warning
2020-10-14 16:23:57.077  INFO 14964 --- [restartedMain] o.s.s.concurrent.ThreadPoolTaskExecutor  : Initializing ExecutorService 'applicationTaskExecutor'
2020-10-14 16:23:57.308  INFO 14964 --- [restartedMain] o.s.s.c.ThreadPoolTaskScheduler          : Initializing ExecutorService
2020-10-14 16:23:57.404  INFO 14964 --- [restartedMain] .s.s.UserDetailsServiceAutoConfiguration : 

Using generated security password: 4a20f02e-597c-491f-9009-bcd3897e0d92

2020-10-14 16:23:57.664  INFO 14964 --- [restartedMain] o.s.s.web.DefaultSecurityFilterChain     : Creating filter chain: any request, [org.springframework.security.web.context.request.async.WebAsyncManagerIntegrationFilter@4ca505e2, org.springframework.security.web.context.SecurityContextPersistenceFilter@1f4300e, org.springframework.security.web.header.HeaderWriterFilter@10b7ae87, org.springframework.security.web.authentication.logout.LogoutFilter@798563bc, org.springframework.security.web.savedrequest.RequestCacheAwareFilter@280d3af8, org.springframework.security.web.servletapi.SecurityContextHolderAwareRequestFilter@39b2e619, org.springframework.security.web.authentication.AnonymousAuthenticationFilter@7e3c3134, org.springframework.security.web.session.SessionManagementFilter@452849ac, org.springframework.security.web.access.ExceptionTranslationFilter@51217334, org.springframework.security.web.access.intercept.FilterSecurityInterceptor@34a0f893]
2020-10-14 16:23:57.691  INFO 14964 --- [restartedMain] o.s.s.c.ThreadPoolTaskScheduler          : Initializing ExecutorService 'taskScheduler'
2020-10-14 16:23:57.716  INFO 14964 --- [restartedMain] o.s.b.a.e.web.EndpointLinksResolver      : Exposing 15 endpoint(s) beneath base path '/actuator'
2020-10-14 16:23:57.815  INFO 14964 --- [restartedMain] o.s.b.w.embedded.tomcat.TomcatWebServer  : Tomcat started on port(s): 8080 (http) with context path ''
2020-10-14 16:23:57.818  INFO 14964 --- [restartedMain] org.maia.livro.ApiLivrosApplication      : Started ApiLivrosApplication in 4.641 seconds (JVM running for 5.609)
2020-10-14 16:24:25.735  INFO 14964 --- [registrationTask1] d.c.b.a.c.r.ApplicationRegistrator       : Application registered itself as 6956c3bd37dd
2020-10-14 16:24:25.832  INFO 14964 --- [http-nio-8080-exec-1] o.a.c.c.C.[Tomcat].[localhost].[/]       : Initializing Spring DispatcherServlet 'dispatcherServlet'
2020-10-14 16:24:25.833  INFO 14964 --- [http-nio-8080-exec-1] o.s.web.servlet.DispatcherServlet        : Initializing Servlet 'dispatcherServlet'
2020-10-14 16:24:25.839  INFO 14964 --- [http-nio-8080-exec-1] o.s.web.servlet.DispatcherServlet        : Completed initialization in 6 ms
2020-10-14 16:26:05.194  INFO 14964 --- [http-nio-8080-exec-7] o.a.c.c.C.[Tomcat].[localhost].[/]       : jolokia-actuator-endpoint: No access restrictor found, access to any MBean is allowed
2020-10-14 16:27:12.267  WARN 14964 --- [registrationTask1] d.c.b.a.c.r.ApplicationRegistrator       : Failed to register application as Application(name=spring-boot-application, managementUrl=http://DESKTOP-IVRFO2K:8080/actuator, healthUrl=http://DESKTOP-IVRFO2K:8080/actuator/health, serviceUrl=http://DESKTOP-IVRFO2K:8080/) at spring-boot-admin ([http://localhost:8081//instances]): I/O error on POST request for "http://localhost:8081/instances": Connection refused: connect; nested exception is java.net.ConnectException: Connection refused: connect. Further attempts are logged on DEBUG level
2020-10-14 16:27:16.215  INFO 14964 --- [RMI TCP Connection(11)-127.0.0.1] inMXBeanRegistrar$SpringApplicationAdmin : Application shutdown requested.
2020-10-14 16:27:16.219  INFO 14964 --- [RMI TCP Connection(11)-127.0.0.1] o.s.s.c.ThreadPoolTaskScheduler          : Shutting down ExecutorService 'taskScheduler'
2020-10-14 16:27:16.223  INFO 14964 --- [RMI TCP Connection(11)-127.0.0.1] o.s.s.c.ThreadPoolTaskScheduler          : Shutting down ExecutorService
2020-10-14 16:27:16.224  INFO 14964 --- [RMI TCP Connection(11)-127.0.0.1] o.s.s.concurrent.ThreadPoolTaskExecutor  : Shutting down ExecutorService 'applicationTaskExecutor'
2020-10-14 16:27:16.227  INFO 14964 --- [RMI TCP Connection(11)-127.0.0.1] j.LocalContainerEntityManagerFactoryBean : Closing JPA EntityManagerFactory for persistence unit 'default'
2020-10-14 16:27:16.228  INFO 14964 --- [RMI TCP Connection(11)-127.0.0.1] .SchemaDropperImpl$DelayedDropActionImpl : HHH000477: Starting delayed evictData of schema as part of SessionFactory shut-down'
2020-10-14 16:27:16.231 ERROR 14964 --- [RMI TCP Connection(11)-127.0.0.1] .SchemaDropperImpl$DelayedDropActionImpl : HHH000478: Unsuccessful: drop table book if exists
2020-10-14 16:27:16.450  WARN 14964 --- [RMI TCP Connection(11)-127.0.0.1] o.s.b.f.support.DisposableBeanAdapter    : Invocation of destroy method failed on bean with name 'inMemoryDatabaseShutdownExecutor': org.h2.jdbc.JdbcSQLNonTransientConnectionException: Database is already closed (to disable automatic closing at VM shutdown, add ";DB_CLOSE_ON_EXIT=FALSE" to the db URL) [90121-200]
2020-10-14 16:27:16.451  INFO 14964 --- [RMI TCP Connection(11)-127.0.0.1] com.zaxxer.hikari.HikariDataSource       : HikariPool-1 - Shutdown initiated...
2020-10-14 16:27:16.455  INFO 14964 --- [RMI TCP Connection(11)-127.0.0.1] com.zaxxer.hikari.HikariDataSource       : HikariPool-1 - Shutdown completed.
